<?xml version="1.0" encoding="UTF-8" standalone="yes"?>
<testsuites time="0.035" tests="1" failures="0" errors="1">
    <testsuite name="GraphWalker" tests="1" failures="0" errors="1" time="0.035" timestamp="2017-10-22T02:38:36">
        <properties>
[...]
</properties>
        <testcase name="DrinkDispenserImpl" time="0.035" classname="com.company.DrinkDispenserImpl">
            <error type="org.graphwalker.core.machine.MachineException" message="javax.script.ScriptException: ReferenceError: &quot;dispenser&quot; is not defined in &lt;eval&gt; at line number 1">
                org.graphwalker.core.machine.MachineException: javax.script.ScriptException: ReferenceError: "dispenser" is not defined in &lt;eval&gt; at line number 1
                	at org.graphwalker.core.machine.ExecutionContext.isAvailable(ExecutionContext.java:280)
                	at org.graphwalker.core.machine.ExecutionContext.filter(ExecutionContext.java:262)
                	at org.graphwalker.core.generator.RandomPath.getNextStep(RandomPath.java:62)
                	at org.graphwalker.core.machine.SimpleMachine.getNextStep(SimpleMachine.java:129)
                	at org.graphwalker.core.machine.SimpleMachine.takeNextStep(SimpleMachine.java:188)
                	at org.graphwalker.core.machine.SimpleMachine.walk(SimpleMachine.java:139)
                	at org.graphwalker.core.machine.SimpleMachine.getNextStep(SimpleMachine.java:101)
                	at org.graphwalker.java.test.TestExecutor.execute(TestExecutor.java:219)
                	at org.graphwalker.java.test.TestExecutor.execute(TestExecutor.java:210)
                	at org.gw4e.eclipse.facade.GraphWalkerFacade$GW4EExecutor.execute(GraphWalkerFacade.java:1103)
                	at org.gw4e.eclipse.launching.test.Launcher.main(Launcher.java:61)
                Caused by: javax.script.ScriptException: ReferenceError: "dispenser" is not defined in &lt;eval&gt; at line number 1
                	at jdk.nashorn.api.scripting.NashornScriptEngine.throwAsScriptException(NashornScriptEngine.java:470)
                	at jdk.nashorn.api.scripting.NashornScriptEngine.evalImpl(NashornScriptEngine.java:454)
                	at jdk.nashorn.api.scripting.NashornScriptEngine.evalImpl(NashornScriptEngine.java:406)
                	at jdk.nashorn.api.scripting.NashornScriptEngine.evalImpl(NashornScriptEngine.java:402)
                	at jdk.nashorn.api.scripting.NashornScriptEngine.eval(NashornScriptEngine.java:155)
                	at javax.script.AbstractScriptEngine.eval(AbstractScriptEngine.java:264)
                	at org.graphwalker.core.machine.ExecutionContext.isAvailable(ExecutionContext.java:277)
                	... 10 more
                Caused by: &lt;eval&gt;:1 ReferenceError: "dispenser" is not defined
                	at jdk.nashorn.internal.runtime.ECMAErrors.error(ECMAErrors.java:57)
                	at jdk.nashorn.internal.runtime.ECMAErrors.referenceError(ECMAErrors.java:319)
                	at jdk.nashorn.internal.runtime.ECMAErrors.referenceError(ECMAErrors.java:291)
                	at jdk.nashorn.internal.objects.Global.__noSuchProperty__(Global.java:1441)
                	at jdk.nashorn.internal.scripts.Script$8$\^eval\_.:program(&lt;eval&gt;:1)
                	at jdk.nashorn.internal.runtime.ScriptFunctionData.invoke(ScriptFunctionData.java:637)
                	at jdk.nashorn.internal.runtime.ScriptFunction.invoke(ScriptFunction.java:494)
                	at jdk.nashorn.internal.runtime.ScriptRuntime.apply(ScriptRuntime.java:393)
                	at jdk.nashorn.api.scripting.NashornScriptEngine.evalImpl(NashornScriptEngine.java:449)
                	... 15 more
</error>
        </testcase>
    </testsuite>
</testsuites>
